Copyright 1986-2022 Xilinx, Inc. All Rights Reserved. Copyright 2022-2024 Advanced Micro Devices, Inc. All Rights Reserved.
-----------------------------------------------------------------------------------------------------------------------------------------------------------------------------------------
| Tool Version : Vivado v.2024.2 (lin64) Build 5239630 Fri Nov 08 22:34:34 MST 2024
| Date         : Wed May 14 18:58:16 2025
| Host         : legolas running 64-bit unknown
| Command      : report_methodology -file clk_setup_wrapper_methodology_drc_routed.rpt -pb clk_setup_wrapper_methodology_drc_routed.pb -rpx clk_setup_wrapper_methodology_drc_routed.rpx
| Design       : clk_setup_wrapper
| Device       : xc7a35tftg256-2
| Speed File   : -2
| Design State : Fully Routed
-----------------------------------------------------------------------------------------------------------------------------------------------------------------------------------------

Report Methodology

Table of Contents
-----------------
1. REPORT SUMMARY
2. REPORT DETAILS

1. REPORT SUMMARY
-----------------
            Netlist: netlist
          Floorplan: design_1
      Design limits: <entire design considered>
             Max checks: <unlimited>
             Checks found: 16
+-----------+------------------+-----------------------------+--------+
| Rule      | Severity         | Description                 | Checks |
+-----------+------------------+-----------------------------+--------+
| TIMING-17 | Critical Warning | Non-clocked sequential cell | 16     |
+-----------+------------------+-----------------------------+--------+

2. REPORT DETAILS
-----------------
TIMING-17#1 Critical Warning
Non-clocked sequential cell  
The clock pin clk_setup_i/I2S_interconnect_0/inst/control/DO_L_reg[11]/C is not reached by a timing clock
Related violations: <none>

TIMING-17#2 Critical Warning
Non-clocked sequential cell  
The clock pin clk_setup_i/I2S_interconnect_0/inst/control/DO_L_reg[12]/C is not reached by a timing clock
Related violations: <none>

TIMING-17#3 Critical Warning
Non-clocked sequential cell  
The clock pin clk_setup_i/I2S_interconnect_0/inst/control/DO_L_reg[13]/C is not reached by a timing clock
Related violations: <none>

TIMING-17#4 Critical Warning
Non-clocked sequential cell  
The clock pin clk_setup_i/I2S_interconnect_0/inst/control/DO_L_reg[14]/C is not reached by a timing clock
Related violations: <none>

TIMING-17#5 Critical Warning
Non-clocked sequential cell  
The clock pin clk_setup_i/I2S_interconnect_0/inst/control/DO_L_reg[15]/C is not reached by a timing clock
Related violations: <none>

TIMING-17#6 Critical Warning
Non-clocked sequential cell  
The clock pin clk_setup_i/I2S_interconnect_0/inst/control/cnt_reg[0]/C is not reached by a timing clock
Related violations: <none>

TIMING-17#7 Critical Warning
Non-clocked sequential cell  
The clock pin clk_setup_i/I2S_interconnect_0/inst/control/cnt_reg[1]/C is not reached by a timing clock
Related violations: <none>

TIMING-17#8 Critical Warning
Non-clocked sequential cell  
The clock pin clk_setup_i/I2S_interconnect_0/inst/control/cnt_reg[2]/C is not reached by a timing clock
Related violations: <none>

TIMING-17#9 Critical Warning
Non-clocked sequential cell  
The clock pin clk_setup_i/I2S_interconnect_0/inst/control/cnt_reg[3]/C is not reached by a timing clock
Related violations: <none>

TIMING-17#10 Critical Warning
Non-clocked sequential cell  
The clock pin clk_setup_i/I2S_interconnect_0/inst/control/d_temp_reg[11]/C is not reached by a timing clock
Related violations: <none>

TIMING-17#11 Critical Warning
Non-clocked sequential cell  
The clock pin clk_setup_i/I2S_interconnect_0/inst/control/d_temp_reg[12]/C is not reached by a timing clock
Related violations: <none>

TIMING-17#12 Critical Warning
Non-clocked sequential cell  
The clock pin clk_setup_i/I2S_interconnect_0/inst/control/d_temp_reg[13]/C is not reached by a timing clock
Related violations: <none>

TIMING-17#13 Critical Warning
Non-clocked sequential cell  
The clock pin clk_setup_i/I2S_interconnect_0/inst/control/d_temp_reg[14]/C is not reached by a timing clock
Related violations: <none>

TIMING-17#14 Critical Warning
Non-clocked sequential cell  
The clock pin clk_setup_i/I2S_interconnect_0/inst/control/d_temp_reg[15]/C is not reached by a timing clock
Related violations: <none>

TIMING-17#15 Critical Warning
Non-clocked sequential cell  
The clock pin clk_setup_i/I2S_interconnect_0/inst/control/wsd_reg/C is not reached by a timing clock
Related violations: <none>

TIMING-17#16 Critical Warning
Non-clocked sequential cell  
The clock pin clk_setup_i/I2S_interconnect_0/inst/control/wsp_reg/C is not reached by a timing clock
Related violations: <none>


