
*** Running vivado
    with args -log clk_setup_wrapper.vds -m64 -product Vivado -mode batch -messageDb vivado.pb -notrace -source clk_setup_wrapper.tcl


****** Vivado v2024.2 (64-bit)
  **** SW Build 5239630 on Fri Nov 08 22:34:34 MST 2024
  **** IP Build 5239520 on Sun Nov 10 16:12:51 MST 2024
  **** SharedData Build 5239561 on Fri Nov 08 14:39:27 MST 2024
  **** Start of session at: Wed May 14 18:57:17 2025
    ** Copyright 1986-2022 Xilinx, Inc. All Rights Reserved.
    ** Copyright 2022-2024 Advanced Micro Devices, Inc. All Rights Reserved.

source clk_setup_wrapper.tcl -notrace
INFO: [IP_Flow 19-234] Refreshing IP repositories
INFO: [IP_Flow 19-1704] No user IP repositories specified
INFO: [IP_Flow 19-2313] Loaded Vivado IP repository '/home/ethan/Xilinx_Vivado/Vivado/2024.2/data/ip'.
Command: read_checkpoint -auto_incremental -incremental /home/ethan/Documents/ee119c/Class_D_Amp_2025/src/class_d_amplifier/class_d_amplifier.srcs/utils_1/imports/synth_1/I2S_master.dcp
INFO: [Vivado 12-5825] Read reference checkpoint from /home/ethan/Documents/ee119c/Class_D_Amp_2025/src/class_d_amplifier/class_d_amplifier.srcs/utils_1/imports/synth_1/I2S_master.dcp for incremental synthesis
INFO: [Vivado 12-7989] Please ensure there are no constraint changes
Command: synth_design -top clk_setup_wrapper -part xc7a35tftg256-2
Starting synth_design
Attempting to get a license for feature 'Synthesis' and/or device 'xc7a35t'
INFO: [Common 17-349] Got license for feature 'Synthesis' and/or device 'xc7a35t'
INFO: [Device 21-403] Loading part xc7a35tftg256-2
INFO: [Designutils 20-5440] No compile time benefit to using incremental synthesis; A full resynthesis will be run
INFO: [Designutils 20-4379] Flow is switching to default flow due to incremental criteria not met. If you would like to alter this behaviour and have the flow terminate instead, please set the following parameter config_implementation {autoIncr.Synth.RejectBehavior Terminate}
INFO: [Synth 8-7079] Multithreading enabled for synth_design using a maximum of 7 processes.
INFO: [Synth 8-7078] Launching helper process for spawning children vivado processes
INFO: [Synth 8-7075] Helper process launched with PID 212050
---------------------------------------------------------------------------------
Starting RTL Elaboration : Time (s): cpu = 00:00:03 ; elapsed = 00:00:03 . Memory (MB): peak = 2115.637 ; gain = 346.629 ; free physical = 4294 ; free virtual = 13512
---------------------------------------------------------------------------------
INFO: [Synth 8-6157] synthesizing module 'clk_setup_wrapper' [/home/ethan/Documents/ee119c/Class_D_Amp_2025/src/class_d_amplifier/class_d_amplifier.gen/sources_1/bd/clk_setup/hdl/clk_setup_wrapper.v:13]
INFO: [Synth 8-6157] synthesizing module 'clk_setup' [/home/ethan/Documents/ee119c/Class_D_Amp_2025/src/class_d_amplifier/class_d_amplifier.gen/sources_1/bd/clk_setup/synth/clk_setup.v:13]
INFO: [Synth 8-6157] synthesizing module 'clk_setup_I2S_interconnect_0_0' [/home/ethan/Documents/ee119c/Class_D_Amp_2025/src/class_d_amplifier/class_d_amplifier.runs/synth_1/.Xil/Vivado-211869-legolas/realtime/clk_setup_I2S_interconnect_0_0_stub.v:6]
INFO: [Synth 8-6155] done synthesizing module 'clk_setup_I2S_interconnect_0_0' (0#1) [/home/ethan/Documents/ee119c/Class_D_Amp_2025/src/class_d_amplifier/class_d_amplifier.runs/synth_1/.Xil/Vivado-211869-legolas/realtime/clk_setup_I2S_interconnect_0_0_stub.v:6]
INFO: [Synth 8-6157] synthesizing module 'clk_setup_PWM_output_0_1' [/home/ethan/Documents/ee119c/Class_D_Amp_2025/src/class_d_amplifier/class_d_amplifier.runs/synth_1/.Xil/Vivado-211869-legolas/realtime/clk_setup_PWM_output_0_1_stub.v:6]
INFO: [Synth 8-6155] done synthesizing module 'clk_setup_PWM_output_0_1' (0#1) [/home/ethan/Documents/ee119c/Class_D_Amp_2025/src/class_d_amplifier/class_d_amplifier.runs/synth_1/.Xil/Vivado-211869-legolas/realtime/clk_setup_PWM_output_0_1_stub.v:6]
WARNING: [Synth 8-4446] all outputs are unconnected for this instance and logic may be removed [/home/ethan/Documents/ee119c/Class_D_Amp_2025/src/class_d_amplifier/class_d_amplifier.gen/sources_1/bd/clk_setup/synth/clk_setup.v:60]
INFO: [Synth 8-6157] synthesizing module 'clk_setup_PWM_output_0_2' [/home/ethan/Documents/ee119c/Class_D_Amp_2025/src/class_d_amplifier/class_d_amplifier.runs/synth_1/.Xil/Vivado-211869-legolas/realtime/clk_setup_PWM_output_0_2_stub.v:6]
INFO: [Synth 8-6155] done synthesizing module 'clk_setup_PWM_output_0_2' (0#1) [/home/ethan/Documents/ee119c/Class_D_Amp_2025/src/class_d_amplifier/class_d_amplifier.runs/synth_1/.Xil/Vivado-211869-legolas/realtime/clk_setup_PWM_output_0_2_stub.v:6]
WARNING: [Synth 8-7071] port 'EN' of module 'clk_setup_PWM_output_0_2' is unconnected for instance 'PWM_output_1' [/home/ethan/Documents/ee119c/Class_D_Amp_2025/src/class_d_amplifier/class_d_amplifier.gen/sources_1/bd/clk_setup/synth/clk_setup.v:60]
WARNING: [Synth 8-7023] instance 'PWM_output_1' of module 'clk_setup_PWM_output_0_2' has 5 connections declared, but only 4 given [/home/ethan/Documents/ee119c/Class_D_Amp_2025/src/class_d_amplifier/class_d_amplifier.gen/sources_1/bd/clk_setup/synth/clk_setup.v:60]
INFO: [Synth 8-6157] synthesizing module 'clk_setup_Quantizer_Interconne_0_0' [/home/ethan/Documents/ee119c/Class_D_Amp_2025/src/class_d_amplifier/class_d_amplifier.runs/synth_1/.Xil/Vivado-211869-legolas/realtime/clk_setup_Quantizer_Interconne_0_0_stub.v:6]
INFO: [Synth 8-6155] done synthesizing module 'clk_setup_Quantizer_Interconne_0_0' (0#1) [/home/ethan/Documents/ee119c/Class_D_Amp_2025/src/class_d_amplifier/class_d_amplifier.runs/synth_1/.Xil/Vivado-211869-legolas/realtime/clk_setup_Quantizer_Interconne_0_0_stub.v:6]
INFO: [Synth 8-6157] synthesizing module 'clk_setup_clk_wiz_0_0' [/home/ethan/Documents/ee119c/Class_D_Amp_2025/src/class_d_amplifier/class_d_amplifier.runs/synth_1/.Xil/Vivado-211869-legolas/realtime/clk_setup_clk_wiz_0_0_stub.v:6]
INFO: [Synth 8-6155] done synthesizing module 'clk_setup_clk_wiz_0_0' (0#1) [/home/ethan/Documents/ee119c/Class_D_Amp_2025/src/class_d_amplifier/class_d_amplifier.runs/synth_1/.Xil/Vivado-211869-legolas/realtime/clk_setup_clk_wiz_0_0_stub.v:6]
WARNING: [Synth 8-7071] port 'locked' of module 'clk_setup_clk_wiz_0_0' is unconnected for instance 'clk_wiz_0' [/home/ethan/Documents/ee119c/Class_D_Amp_2025/src/class_d_amplifier/class_d_amplifier.gen/sources_1/bd/clk_setup/synth/clk_setup.v:76]
WARNING: [Synth 8-7023] instance 'clk_wiz_0' of module 'clk_setup_clk_wiz_0_0' has 4 connections declared, but only 3 given [/home/ethan/Documents/ee119c/Class_D_Amp_2025/src/class_d_amplifier/class_d_amplifier.gen/sources_1/bd/clk_setup/synth/clk_setup.v:76]
INFO: [Synth 8-6155] done synthesizing module 'clk_setup' (0#1) [/home/ethan/Documents/ee119c/Class_D_Amp_2025/src/class_d_amplifier/class_d_amplifier.gen/sources_1/bd/clk_setup/synth/clk_setup.v:13]
INFO: [Synth 8-6155] done synthesizing module 'clk_setup_wrapper' (0#1) [/home/ethan/Documents/ee119c/Class_D_Amp_2025/src/class_d_amplifier/class_d_amplifier.gen/sources_1/bd/clk_setup/hdl/clk_setup_wrapper.v:13]
---------------------------------------------------------------------------------
Finished RTL Elaboration : Time (s): cpu = 00:00:03 ; elapsed = 00:00:04 . Memory (MB): peak = 2188.574 ; gain = 419.566 ; free physical = 4216 ; free virtual = 13435
---------------------------------------------------------------------------------
---------------------------------------------------------------------------------
Start Handling Custom Attributes
---------------------------------------------------------------------------------
---------------------------------------------------------------------------------
Finished Handling Custom Attributes : Time (s): cpu = 00:00:04 ; elapsed = 00:00:04 . Memory (MB): peak = 2206.387 ; gain = 437.379 ; free physical = 4216 ; free virtual = 13435
---------------------------------------------------------------------------------
---------------------------------------------------------------------------------
Finished RTL Optimization Phase 1 : Time (s): cpu = 00:00:04 ; elapsed = 00:00:04 . Memory (MB): peak = 2206.387 ; gain = 437.379 ; free physical = 4216 ; free virtual = 13435
---------------------------------------------------------------------------------
Netlist sorting complete. Time (s): cpu = 00:00:00 ; elapsed = 00:00:00 . Memory (MB): peak = 2206.387 ; gain = 0.000 ; free physical = 4216 ; free virtual = 13435
INFO: [Project 1-570] Preparing netlist for logic optimization

Processing XDC Constraints
Initializing timing engine
Parsing XDC File [/home/ethan/Documents/ee119c/Class_D_Amp_2025/src/class_d_amplifier/class_d_amplifier.gen/sources_1/bd/clk_setup/ip/clk_setup_clk_wiz_0_0/clk_setup_clk_wiz_0_0/clk_setup_clk_wiz_0_0_in_context.xdc] for cell 'clk_setup_i/clk_wiz_0'
Finished Parsing XDC File [/home/ethan/Documents/ee119c/Class_D_Amp_2025/src/class_d_amplifier/class_d_amplifier.gen/sources_1/bd/clk_setup/ip/clk_setup_clk_wiz_0_0/clk_setup_clk_wiz_0_0/clk_setup_clk_wiz_0_0_in_context.xdc] for cell 'clk_setup_i/clk_wiz_0'
Parsing XDC File [/home/ethan/Documents/ee119c/Class_D_Amp_2025/src/class_d_amplifier/class_d_amplifier.gen/sources_1/bd/clk_setup/ip/clk_setup_I2S_interconnect_0_0/clk_setup_I2S_interconnect_0_0/clk_setup_I2S_interconnect_0_0_in_context.xdc] for cell 'clk_setup_i/I2S_interconnect_0'
Finished Parsing XDC File [/home/ethan/Documents/ee119c/Class_D_Amp_2025/src/class_d_amplifier/class_d_amplifier.gen/sources_1/bd/clk_setup/ip/clk_setup_I2S_interconnect_0_0/clk_setup_I2S_interconnect_0_0/clk_setup_I2S_interconnect_0_0_in_context.xdc] for cell 'clk_setup_i/I2S_interconnect_0'
Parsing XDC File [/home/ethan/Documents/ee119c/Class_D_Amp_2025/src/class_d_amplifier/class_d_amplifier.gen/sources_1/bd/clk_setup/ip/clk_setup_PWM_output_0_1/clk_setup_PWM_output_0_1/clk_setup_PWM_output_0_1_in_context.xdc] for cell 'clk_setup_i/PWM_output_0'
Finished Parsing XDC File [/home/ethan/Documents/ee119c/Class_D_Amp_2025/src/class_d_amplifier/class_d_amplifier.gen/sources_1/bd/clk_setup/ip/clk_setup_PWM_output_0_1/clk_setup_PWM_output_0_1/clk_setup_PWM_output_0_1_in_context.xdc] for cell 'clk_setup_i/PWM_output_0'
Parsing XDC File [/home/ethan/Documents/ee119c/Class_D_Amp_2025/src/class_d_amplifier/class_d_amplifier.gen/sources_1/bd/clk_setup/ip/clk_setup_PWM_output_0_2/clk_setup_PWM_output_0_2/clk_setup_PWM_output_0_2_in_context.xdc] for cell 'clk_setup_i/PWM_output_1'
Finished Parsing XDC File [/home/ethan/Documents/ee119c/Class_D_Amp_2025/src/class_d_amplifier/class_d_amplifier.gen/sources_1/bd/clk_setup/ip/clk_setup_PWM_output_0_2/clk_setup_PWM_output_0_2/clk_setup_PWM_output_0_2_in_context.xdc] for cell 'clk_setup_i/PWM_output_1'
Parsing XDC File [/home/ethan/Documents/ee119c/Class_D_Amp_2025/src/class_d_amplifier/class_d_amplifier.gen/sources_1/bd/clk_setup/ip/clk_setup_Quantizer_Interconne_0_0/clk_setup_Quantizer_Interconne_0_0/clk_setup_Quantizer_Interconne_0_0_in_context.xdc] for cell 'clk_setup_i/Quantizer_Interconne_0'
Finished Parsing XDC File [/home/ethan/Documents/ee119c/Class_D_Amp_2025/src/class_d_amplifier/class_d_amplifier.gen/sources_1/bd/clk_setup/ip/clk_setup_Quantizer_Interconne_0_0/clk_setup_Quantizer_Interconne_0_0/clk_setup_Quantizer_Interconne_0_0_in_context.xdc] for cell 'clk_setup_i/Quantizer_Interconne_0'
Parsing XDC File [/home/ethan/Documents/ee119c/Class_D_Amp_2025/src/class_d_amplifier/class_d_amplifier.srcs/constrs_1/new/constraints.xdc]
WARNING: [Vivado 12-508] No pins matched 'clk_setup_i/clk_wiz_0/inst/mmcm_adv_inst/CLKOUT0'. [/home/ethan/Documents/ee119c/Class_D_Amp_2025/src/class_d_amplifier/class_d_amplifier.srcs/constrs_1/new/constraints.xdc:1]
WARNING: [Vivado 12-508] No pins matched 'clk_setup_i/CLK_MGR_0/inst/BCLK_reg/Q'. [/home/ethan/Documents/ee119c/Class_D_Amp_2025/src/class_d_amplifier/class_d_amplifier.srcs/constrs_1/new/constraints.xdc:1]
WARNING: [Vivado 12-508] No pins matched 'clk_setup_i/clk_wiz_0/inst/mmcm_adv_inst/CLKOUT0'. [/home/ethan/Documents/ee119c/Class_D_Amp_2025/src/class_d_amplifier/class_d_amplifier.srcs/constrs_1/new/constraints.xdc:2]
WARNING: [Vivado 12-508] No pins matched 'clk_setup_i/CLK_MGR_0/inst/WS_reg/Q'. [/home/ethan/Documents/ee119c/Class_D_Amp_2025/src/class_d_amplifier/class_d_amplifier.srcs/constrs_1/new/constraints.xdc:2]
INFO: [Constraints 18-483] create_clock: no pin(s)/port(s)/net(s) specified as objects, only virtual clock 'VIRTUAL_clk_setup_i/CLK_MGR_0/inst/BCLK' will be created. If you don't want this, please specify pin(s)/ports(s)/net(s) as objects to the command. [/home/ethan/Documents/ee119c/Class_D_Amp_2025/src/class_d_amplifier/class_d_amplifier.srcs/constrs_1/new/constraints.xdc:3]
INFO: [Constraints 18-483] create_clock: no pin(s)/port(s)/net(s) specified as objects, only virtual clock 'VIRTUAL_SYSCLK_clk_setup_clk_wiz_0_0' will be created. If you don't want this, please specify pin(s)/ports(s)/net(s) as objects to the command. [/home/ethan/Documents/ee119c/Class_D_Amp_2025/src/class_d_amplifier/class_d_amplifier.srcs/constrs_1/new/constraints.xdc:4]
WARNING: [Vivado 12-584] No ports matched 'EN'. [/home/ethan/Documents/ee119c/Class_D_Amp_2025/src/class_d_amplifier/class_d_amplifier.srcs/constrs_1/new/constraints.xdc:8]
WARNING: [Vivado 12-584] No ports matched 'EN'. [/home/ethan/Documents/ee119c/Class_D_Amp_2025/src/class_d_amplifier/class_d_amplifier.srcs/constrs_1/new/constraints.xdc:22]
WARNING: [Vivado 12-584] No ports matched 'EN'. [/home/ethan/Documents/ee119c/Class_D_Amp_2025/src/class_d_amplifier/class_d_amplifier.srcs/constrs_1/new/constraints.xdc:23]
WARNING: [Vivado 12-584] No ports matched 'EN'. [/home/ethan/Documents/ee119c/Class_D_Amp_2025/src/class_d_amplifier/class_d_amplifier.srcs/constrs_1/new/constraints.xdc:26]
Finished Parsing XDC File [/home/ethan/Documents/ee119c/Class_D_Amp_2025/src/class_d_amplifier/class_d_amplifier.srcs/constrs_1/new/constraints.xdc]
WARNING: [Project 1-498] One or more constraints failed evaluation while reading constraint file [/home/ethan/Documents/ee119c/Class_D_Amp_2025/src/class_d_amplifier/class_d_amplifier.srcs/constrs_1/new/constraints.xdc] and the design contains unresolved black boxes. These constraints will be read post-synthesis (as long as their source constraint file is marked as used_in_implementation) and should be applied correctly then. You should review the constraints listed in the file [.Xil/clk_setup_wrapper_propImpl.xdc] and check the run log file to verify that these constraints were correctly applied.
INFO: [Project 1-236] Implementation specific constraints were found while reading constraint file [/home/ethan/Documents/ee119c/Class_D_Amp_2025/src/class_d_amplifier/class_d_amplifier.srcs/constrs_1/new/constraints.xdc]. These constraints will be ignored for synthesis but will be used in implementation. Impacted constraints are listed in the file [.Xil/clk_setup_wrapper_propImpl.xdc].
Resolution: To avoid this warning, move constraints listed in [.Xil/clk_setup_wrapper_propImpl.xdc] to another XDC file and exclude this new file from synthesis with the used_in_synthesis property (File Properties dialog in GUI) and re-run elaboration/synthesis.
Parsing XDC File [/home/ethan/Documents/ee119c/Class_D_Amp_2025/src/class_d_amplifier/class_d_amplifier.runs/synth_1/dont_touch.xdc]
Finished Parsing XDC File [/home/ethan/Documents/ee119c/Class_D_Amp_2025/src/class_d_amplifier/class_d_amplifier.runs/synth_1/dont_touch.xdc]
Completed Processing XDC Constraints

Netlist sorting complete. Time (s): cpu = 00:00:00 ; elapsed = 00:00:00 . Memory (MB): peak = 2255.312 ; gain = 0.000 ; free physical = 4217 ; free virtual = 13436
INFO: [Project 1-111] Unisim Transformation Summary:
No Unisim elements were transformed.

Constraint Validation Runtime : Time (s): cpu = 00:00:00 ; elapsed = 00:00:00 . Memory (MB): peak = 2255.312 ; gain = 0.000 ; free physical = 4217 ; free virtual = 13436
INFO: [Designutils 20-5440] No compile time benefit to using incremental synthesis; A full resynthesis will be run
INFO: [Designutils 20-4379] Flow is switching to default flow due to incremental criteria not met. If you would like to alter this behaviour and have the flow terminate instead, please set the following parameter config_implementation {autoIncr.Synth.RejectBehavior Terminate}
---------------------------------------------------------------------------------
Finished Constraint Validation : Time (s): cpu = 00:00:08 ; elapsed = 00:00:08 . Memory (MB): peak = 2255.312 ; gain = 486.305 ; free physical = 4248 ; free virtual = 13467
---------------------------------------------------------------------------------
---------------------------------------------------------------------------------
Start Loading Part and Timing Information
---------------------------------------------------------------------------------
Loading part: xc7a35tftg256-2
---------------------------------------------------------------------------------
Finished Loading Part and Timing Information : Time (s): cpu = 00:00:08 ; elapsed = 00:00:08 . Memory (MB): peak = 2263.316 ; gain = 494.309 ; free physical = 4248 ; free virtual = 13467
---------------------------------------------------------------------------------
---------------------------------------------------------------------------------
Start Applying 'set_property' XDC Constraints
---------------------------------------------------------------------------------
Applied set_property IO_BUFFER_TYPE = NONE for CLK. (constraint file  /home/ethan/Documents/ee119c/Class_D_Amp_2025/src/class_d_amplifier/class_d_amplifier.gen/sources_1/bd/clk_setup/ip/clk_setup_clk_wiz_0_0/clk_setup_clk_wiz_0_0/clk_setup_clk_wiz_0_0_in_context.xdc, line 3).
Applied set_property CLOCK_BUFFER_TYPE = NONE for CLK. (constraint file  /home/ethan/Documents/ee119c/Class_D_Amp_2025/src/class_d_amplifier/class_d_amplifier.gen/sources_1/bd/clk_setup/ip/clk_setup_clk_wiz_0_0/clk_setup_clk_wiz_0_0/clk_setup_clk_wiz_0_0_in_context.xdc, line 4).
Applied set_property KEEP_HIERARCHY = SOFT for clk_setup_i. (constraint file  auto generated constraint).
Applied set_property KEEP_HIERARCHY = SOFT for clk_setup_i/clk_wiz_0. (constraint file  auto generated constraint).
Applied set_property KEEP_HIERARCHY = SOFT for clk_setup_i/I2S_interconnect_0. (constraint file  auto generated constraint).
Applied set_property KEEP_HIERARCHY = SOFT for clk_setup_i/PWM_output_0. (constraint file  auto generated constraint).
Applied set_property KEEP_HIERARCHY = SOFT for clk_setup_i/PWM_output_1. (constraint file  auto generated constraint).
Applied set_property KEEP_HIERARCHY = SOFT for clk_setup_i/Quantizer_Interconne_0. (constraint file  auto generated constraint).
---------------------------------------------------------------------------------
Finished applying 'set_property' XDC Constraints : Time (s): cpu = 00:00:08 ; elapsed = 00:00:08 . Memory (MB): peak = 2263.316 ; gain = 494.309 ; free physical = 4248 ; free virtual = 13467
---------------------------------------------------------------------------------
---------------------------------------------------------------------------------
Finished RTL Optimization Phase 2 : Time (s): cpu = 00:00:08 ; elapsed = 00:00:08 . Memory (MB): peak = 2263.316 ; gain = 494.309 ; free physical = 4256 ; free virtual = 13477
---------------------------------------------------------------------------------
---------------------------------------------------------------------------------
Start RTL Component Statistics 
---------------------------------------------------------------------------------
Detailed RTL Component Info : 
---------------------------------------------------------------------------------
Finished RTL Component Statistics 
---------------------------------------------------------------------------------
---------------------------------------------------------------------------------
Start Part Resource Summary
---------------------------------------------------------------------------------
Part Resources:
DSPs: 90 (col length:60)
BRAMs: 100 (col length: RAMB18 60 RAMB36 30)
---------------------------------------------------------------------------------
Finished Part Resource Summary
---------------------------------------------------------------------------------
---------------------------------------------------------------------------------
Start Cross Boundary and Area Optimization
---------------------------------------------------------------------------------
WARNING: [Synth 8-7080] Parallel synthesis criteria is not met
---------------------------------------------------------------------------------
Finished Cross Boundary and Area Optimization : Time (s): cpu = 00:00:09 ; elapsed = 00:00:09 . Memory (MB): peak = 2263.316 ; gain = 494.309 ; free physical = 4252 ; free virtual = 13476
---------------------------------------------------------------------------------
---------------------------------------------------------------------------------
Start Applying XDC Timing Constraints
---------------------------------------------------------------------------------
---------------------------------------------------------------------------------
Finished Applying XDC Timing Constraints : Time (s): cpu = 00:00:12 ; elapsed = 00:00:12 . Memory (MB): peak = 2334.316 ; gain = 565.309 ; free physical = 4207 ; free virtual = 13431
---------------------------------------------------------------------------------
---------------------------------------------------------------------------------
Start Timing Optimization
---------------------------------------------------------------------------------
---------------------------------------------------------------------------------
Finished Timing Optimization : Time (s): cpu = 00:00:12 ; elapsed = 00:00:12 . Memory (MB): peak = 2334.316 ; gain = 565.309 ; free physical = 4207 ; free virtual = 13431
---------------------------------------------------------------------------------
---------------------------------------------------------------------------------
Start Technology Mapping
---------------------------------------------------------------------------------
---------------------------------------------------------------------------------
Finished Technology Mapping : Time (s): cpu = 00:00:12 ; elapsed = 00:00:12 . Memory (MB): peak = 2344.332 ; gain = 575.324 ; free physical = 4191 ; free virtual = 13415
---------------------------------------------------------------------------------
---------------------------------------------------------------------------------
Start IO Insertion
---------------------------------------------------------------------------------
---------------------------------------------------------------------------------
Start Flattening Before IO Insertion
---------------------------------------------------------------------------------
---------------------------------------------------------------------------------
Finished Flattening Before IO Insertion
---------------------------------------------------------------------------------
---------------------------------------------------------------------------------
Start Final Netlist Cleanup
---------------------------------------------------------------------------------
---------------------------------------------------------------------------------
Finished Final Netlist Cleanup
---------------------------------------------------------------------------------
---------------------------------------------------------------------------------
Finished IO Insertion : Time (s): cpu = 00:00:14 ; elapsed = 00:00:15 . Memory (MB): peak = 2506.145 ; gain = 737.137 ; free physical = 4068 ; free virtual = 13292
---------------------------------------------------------------------------------
---------------------------------------------------------------------------------
Start Renaming Generated Instances
---------------------------------------------------------------------------------
---------------------------------------------------------------------------------
Finished Renaming Generated Instances : Time (s): cpu = 00:00:14 ; elapsed = 00:00:15 . Memory (MB): peak = 2506.145 ; gain = 737.137 ; free physical = 4068 ; free virtual = 13292
---------------------------------------------------------------------------------
---------------------------------------------------------------------------------
Start Rebuilding User Hierarchy
---------------------------------------------------------------------------------
---------------------------------------------------------------------------------
Finished Rebuilding User Hierarchy : Time (s): cpu = 00:00:14 ; elapsed = 00:00:15 . Memory (MB): peak = 2506.145 ; gain = 737.137 ; free physical = 4068 ; free virtual = 13292
---------------------------------------------------------------------------------
---------------------------------------------------------------------------------
Start Renaming Generated Ports
---------------------------------------------------------------------------------
---------------------------------------------------------------------------------
Finished Renaming Generated Ports : Time (s): cpu = 00:00:14 ; elapsed = 00:00:15 . Memory (MB): peak = 2506.145 ; gain = 737.137 ; free physical = 4068 ; free virtual = 13292
---------------------------------------------------------------------------------
---------------------------------------------------------------------------------
Start Handling Custom Attributes
---------------------------------------------------------------------------------
---------------------------------------------------------------------------------
Finished Handling Custom Attributes : Time (s): cpu = 00:00:14 ; elapsed = 00:00:15 . Memory (MB): peak = 2506.145 ; gain = 737.137 ; free physical = 4068 ; free virtual = 13292
---------------------------------------------------------------------------------
---------------------------------------------------------------------------------
Start Renaming Generated Nets
---------------------------------------------------------------------------------
---------------------------------------------------------------------------------
Finished Renaming Generated Nets : Time (s): cpu = 00:00:14 ; elapsed = 00:00:15 . Memory (MB): peak = 2506.145 ; gain = 737.137 ; free physical = 4068 ; free virtual = 13292
---------------------------------------------------------------------------------
---------------------------------------------------------------------------------
Start Writing Synthesis Report
---------------------------------------------------------------------------------

Report BlackBoxes: 
+------+-----------------------------------+----------+
|      |BlackBox name                      |Instances |
+------+-----------------------------------+----------+
|1     |clk_setup_I2S_interconnect_0_0     |         1|
|2     |clk_setup_PWM_output_0_1           |         1|
|3     |clk_setup_PWM_output_0_2           |         1|
|4     |clk_setup_Quantizer_Interconne_0_0 |         1|
|5     |clk_setup_clk_wiz_0_0              |         1|
+------+-----------------------------------+----------+

Report Cell Usage: 
+------+---------------------------------+------+
|      |Cell                             |Count |
+------+---------------------------------+------+
|1     |clk_setup_I2S_interconnect_0     |     1|
|2     |clk_setup_PWM_output_0           |     2|
|4     |clk_setup_Quantizer_Interconne_0 |     1|
|5     |clk_setup_clk_wiz_0              |     1|
|6     |IBUF                             |     2|
|7     |OBUF                             |     3|
+------+---------------------------------+------+
---------------------------------------------------------------------------------
Finished Writing Synthesis Report : Time (s): cpu = 00:00:14 ; elapsed = 00:00:15 . Memory (MB): peak = 2506.145 ; gain = 737.137 ; free physical = 4068 ; free virtual = 13292
---------------------------------------------------------------------------------
Synthesis finished with 0 errors, 0 critical warnings and 1 warnings.
Synthesis Optimization Runtime : Time (s): cpu = 00:00:13 ; elapsed = 00:00:13 . Memory (MB): peak = 2506.145 ; gain = 688.211 ; free physical = 4070 ; free virtual = 13294
Synthesis Optimization Complete : Time (s): cpu = 00:00:14 ; elapsed = 00:00:15 . Memory (MB): peak = 2506.152 ; gain = 737.137 ; free physical = 4070 ; free virtual = 13294
INFO: [Project 1-571] Translating synthesized netlist
Netlist sorting complete. Time (s): cpu = 00:00:00 ; elapsed = 00:00:00 . Memory (MB): peak = 2506.152 ; gain = 0.000 ; free physical = 4062 ; free virtual = 13286
INFO: [Project 1-570] Preparing netlist for logic optimization
INFO: [Opt 31-138] Pushed 0 inverter(s) to 0 load pin(s).
Netlist sorting complete. Time (s): cpu = 00:00:00 ; elapsed = 00:00:00 . Memory (MB): peak = 2506.152 ; gain = 0.000 ; free physical = 4235 ; free virtual = 13459
INFO: [Project 1-111] Unisim Transformation Summary:
No Unisim elements were transformed.

Synth Design complete | Checksum: 927bde4e
INFO: [Common 17-83] Releasing license: Synthesis
38 Infos, 15 Warnings, 0 Critical Warnings and 0 Errors encountered.
synth_design completed successfully
synth_design: Time (s): cpu = 00:00:23 ; elapsed = 00:00:20 . Memory (MB): peak = 2506.152 ; gain = 849.203 ; free physical = 4243 ; free virtual = 13468
INFO: [Common 17-2834] synth_design peak Physical Memory [PSS] (MB): overall = 1506.302; main = 1506.302; forked = 269.188
INFO: [Common 17-2834] synth_design peak Virtual Memory [VSS] (MB): overall = 3828.168; main = 2506.148; forked = 1564.848
Write ShapeDB Complete: Time (s): cpu = 00:00:00 ; elapsed = 00:00:00 . Memory (MB): peak = 2530.156 ; gain = 0.000 ; free physical = 4243 ; free virtual = 13468
INFO: [Common 17-1381] The checkpoint '/home/ethan/Documents/ee119c/Class_D_Amp_2025/src/class_d_amplifier/class_d_amplifier.runs/synth_1/clk_setup_wrapper.dcp' has been generated.
INFO: [Vivado 12-24828] Executing command : report_utilization -file clk_setup_wrapper_utilization_synth.rpt -pb clk_setup_wrapper_utilization_synth.pb
INFO: [Common 17-206] Exiting Vivado at Wed May 14 18:57:40 2025...
